<?xml version="1.0" encoding="UTF-8"?>
<testng-results ignored="0" total="1" passed="1" failed="0" skipped="0">
  <reporter-output>
  </reporter-output>
  <suite started-at="2021-12-13T15:46:42 IST" name="Default suite" finished-at="2021-12-13T15:46:57 IST" duration-ms="14636">
    <groups>
    </groups>
    <test started-at="2021-12-13T15:46:42 IST" name="Default test" finished-at="2021-12-13T15:46:57 IST" duration-ms="14636">
      <class name="com.rmgyantra.parameter.oAuthParameterTest">
        <test-method signature="oAuthParameter()[pri:0, instance:com.rmgyantra.parameter.oAuthParameterTest@47987356]" started-at="2021-12-13T15:46:42 IST" name="oAuthParameter" finished-at="2021-12-13T15:46:57 IST" duration-ms="14376" status="PASS">
          <reporter-output>
          </reporter-output>
        </test-method> <!-- oAuthParameter -->
      </class> <!-- com.rmgyantra.parameter.oAuthParameterTest -->
    </test> <!-- Default test -->
  </suite> <!-- Default suite -->
</testng-results>
